# file opened: ram_diagnostics.asm
 1    0000                  output "ram_diagnostics.bin", t
 2    0000                  org 0x0000
 3    0000 C3 03 00         jp main
 4    0003
 5    0003
 6    0003              main:
 7    0003 01 00 F0         ld bc, 0xf000
 8    0006 ED 79            out (c), a
 9    0008
10    0008
11    0008 01 00 00         ld bc, 0x0000
12    000B              loop:
13    000B 0A               ld a, (bc)
14    000C 03               inc bc
15    000D 21 FF 02         ld hl, 0x02ff
16    0010 ED 42            sbc hl, bc
17    0012 C2 0B 00         jp nz, loop
18    0015
19    0015 01 00 F0         ld bc, 0xf000
20    0018 ED 79            out (c), a
21    001A 01 00 A0         ld bc, 0xa000
22    001D ED 79            out(c), a
23    001F
24    001F              outend
# file closed: ram_diagnostics.asm
