# file opened: simple.asm
 1    0000                  output "simple.bin", t
 2    0000                  org 0x0000
 3    0000 C3 03 00         jp main
 4    0003
 5    0003
 6    0003
 7    0003
 8    0003
 9    0003              main:
10    0003
11    0003              loop:
12    0003 3E 61            ld a, "a"
13    0005 01 01 01         ld bc, 0x0101
14    0008 ED 79            out (c), a
15    000A 3E 63            ld a, "c"
16    000C ED 78            in a, (c)
17    000E 01 00 10         ld bc, 0x1000
18    0011 ED 79            out (c), a
19    0013
20    0013 C3 03 00         jp loop
21    0016
22    0016
23    0016                  outend
24    0016
# file closed: simple.asm
